<?xml version="1.0" encoding="UTF-8"?>
<!-- Generated by org.testng.reporters.JUnitReportReporter -->
<testsuite hostname="DESKTOP-QQJINFP" failures="0" tests="1" name="Edit.EducacionIT_60413.TestCompra" time="12.791" errors="0" timestamp="2023-01-06T18:28:15 ART" skipped="0">
  <testcase classname="Edit.EducacionIT_60413.TestCompra" name="SeleccionDress" time="12.791"/>
  <system-out/>
</testsuite> <!-- Edit.EducacionIT_60413.TestCompra -->
