<?xml version="1.0" encoding="UTF-8"?>
<!-- Generated by org.testng.reporters.JUnitReportReporter -->
<testsuite hostname="DESKTOP-QQJINFP" failures="0" tests="1" name="Edit.EducacionIT_60413.AccesoABaseDeDatos" time="0.353" errors="0" timestamp="2023-01-11T08:46:19 ART" skipped="0">
  <testcase classname="Edit.EducacionIT_60413.AccesoABaseDeDatos" name="testBaseDeDatos" time="0.353"/>
  <system-out/>
</testsuite> <!-- Edit.EducacionIT_60413.AccesoABaseDeDatos -->
