<?xml version="1.0" encoding="UTF-8"?>
<!-- Generated by org.testng.reporters.JUnitReportReporter -->
<testsuite hostname="DESKTOP-QQJINFP" failures="0" tests="1" name="Edit.EducacionIT_60413.MobileEmulation" time="17.531" errors="0" timestamp="2023-01-11T09:13:20 ART" skipped="0">
  <testcase classname="Edit.EducacionIT_60413.MobileEmulation" name="testMobileEmulation" time="17.531"/>
  <system-out/>
</testsuite> <!-- Edit.EducacionIT_60413.MobileEmulation -->
