<?xml version="1.0" encoding="UTF-8"?>
<!-- Generated by org.testng.reporters.JUnitReportReporter -->
<testsuite hostname="DESKTOP-QQJINFP" failures="0" tests="5" name="pruebas.Clase8Test" time="8.489" errors="0" timestamp="2023-01-11T08:58:17 ART" skipped="0">
  <testcase classname="pruebas.Clase8Test" name="login" time="1.648"/>
  <system-out/>
  <testcase classname="pruebas.Clase8Test" name="login" time="1.590"/>
  <system-out/>
  <testcase classname="pruebas.Clase8Test" name="login" time="1.646"/>
  <system-out/>
  <testcase classname="pruebas.Clase8Test" name="login" time="1.981"/>
  <system-out/>
  <testcase classname="pruebas.Clase8Test" name="login" time="1.624"/>
  <system-out/>
</testsuite> <!-- pruebas.Clase8Test -->
