<?xml version="1.0" encoding="UTF-8"?>
<!-- Generated by org.testng.reporters.JUnitReportReporter -->
<testsuite hostname="DESKTOP-QQJINFP" failures="0" tests="1" name="pruebas.Clase8bTest" time="0.082" errors="0" timestamp="2023-01-06T09:47:00 ART" skipped="0">
  <testcase classname="pruebas.Clase8bTest" name="mostrarValoresTabla" time="0.082"/>
  <system-out/>
</testsuite> <!-- pruebas.Clase8bTest -->
